Determining if the pthread_create exist failed with the following output:
Change Dir: /media/brian/PRO/PROJ/StereoFPGA/appDesktop/build/CMakeFiles/CMakeTmp

Run Build Command:"/usr/bin/make" "cmTC_ab23a/fast"
/usr/bin/make -f CMakeFiles/cmTC_ab23a.dir/build.make CMakeFiles/cmTC_ab23a.dir/build
make[1]: Entering directory '/media/brian/PRO/PROJ/StereoFPGA/appDesktop/build/CMakeFiles/CMakeTmp'
Building C object CMakeFiles/cmTC_ab23a.dir/CheckSymbolExists.c.o
/usr/bin/cc    -fPIC    -o CMakeFiles/cmTC_ab23a.dir/CheckSymbolExists.c.o   -c /media/brian/PRO/PROJ/StereoFPGA/appDesktop/build/CMakeFiles/CMakeTmp/CheckSymbolExists.c
Linking C executable cmTC_ab23a
/usr/bin/cmake -E cmake_link_script CMakeFiles/cmTC_ab23a.dir/link.txt --verbose=1
/usr/bin/cc  -fPIC     CMakeFiles/cmTC_ab23a.dir/CheckSymbolExists.c.o  -o cmTC_ab23a -rdynamic 
CMakeFiles/cmTC_ab23a.dir/CheckSymbolExists.c.o: In function `main':
CheckSymbolExists.c:(.text+0x1b): undefined reference to `pthread_create'
collect2: error: ld returned 1 exit status
CMakeFiles/cmTC_ab23a.dir/build.make:97: recipe for target 'cmTC_ab23a' failed
make[1]: *** [cmTC_ab23a] Error 1
make[1]: Leaving directory '/media/brian/PRO/PROJ/StereoFPGA/appDesktop/build/CMakeFiles/CMakeTmp'
Makefile:126: recipe for target 'cmTC_ab23a/fast' failed
make: *** [cmTC_ab23a/fast] Error 2

File /media/brian/PRO/PROJ/StereoFPGA/appDesktop/build/CMakeFiles/CMakeTmp/CheckSymbolExists.c:
/* */
#include <pthread.h>

int main(int argc, char** argv)
{
  (void)argv;
#ifndef pthread_create
  return ((int*)(&pthread_create))[argc];
#else
  (void)argc;
  return 0;
#endif
}

Determining if the function pthread_create exists in the pthreads failed with the following output:
Change Dir: /media/brian/PRO/PROJ/StereoFPGA/appDesktop/build/CMakeFiles/CMakeTmp

Run Build Command:"/usr/bin/make" "cmTC_3ad0c/fast"
/usr/bin/make -f CMakeFiles/cmTC_3ad0c.dir/build.make CMakeFiles/cmTC_3ad0c.dir/build
make[1]: Entering directory '/media/brian/PRO/PROJ/StereoFPGA/appDesktop/build/CMakeFiles/CMakeTmp'
Building C object CMakeFiles/cmTC_3ad0c.dir/CheckFunctionExists.c.o
/usr/bin/cc    -fPIC -DCHECK_FUNCTION_EXISTS=pthread_create   -o CMakeFiles/cmTC_3ad0c.dir/CheckFunctionExists.c.o   -c /usr/share/cmake-3.5/Modules/CheckFunctionExists.c
Linking C executable cmTC_3ad0c
/usr/bin/cmake -E cmake_link_script CMakeFiles/cmTC_3ad0c.dir/link.txt --verbose=1
/usr/bin/cc  -fPIC -DCHECK_FUNCTION_EXISTS=pthread_create    CMakeFiles/cmTC_3ad0c.dir/CheckFunctionExists.c.o  -o cmTC_3ad0c -rdynamic -lpthreads 
/usr/bin/ld: cannot find -lpthreads
collect2: error: ld returned 1 exit status
CMakeFiles/cmTC_3ad0c.dir/build.make:97: recipe for target 'cmTC_3ad0c' failed
make[1]: *** [cmTC_3ad0c] Error 1
make[1]: Leaving directory '/media/brian/PRO/PROJ/StereoFPGA/appDesktop/build/CMakeFiles/CMakeTmp'
Makefile:126: recipe for target 'cmTC_3ad0c/fast' failed
make: *** [cmTC_3ad0c/fast] Error 2


Determining if the pthread_create exist failed with the following output:
Change Dir: /media/brian/PRO/PROJ/StereoFPGA/appDesktop/build/CMakeFiles/CMakeTmp

Run Build Command:"/usr/bin/make" "cmTC_a6c81/fast"
/usr/bin/make -f CMakeFiles/cmTC_a6c81.dir/build.make CMakeFiles/cmTC_a6c81.dir/build
make[1]: Entering directory `/media/brian/PRO/PROJ/StereoFPGA/appDesktop/build/CMakeFiles/CMakeTmp'
Building C object CMakeFiles/cmTC_a6c81.dir/CheckSymbolExists.c.o
/usr/bin/cc   -fPIC    -o CMakeFiles/cmTC_a6c81.dir/CheckSymbolExists.c.o   -c /media/brian/PRO/PROJ/StereoFPGA/appDesktop/build/CMakeFiles/CMakeTmp/CheckSymbolExists.c
Linking C executable cmTC_a6c81
/usr/local/bin/cmake -E cmake_link_script CMakeFiles/cmTC_a6c81.dir/link.txt --verbose=1
/usr/bin/cc -fPIC     -rdynamic CMakeFiles/cmTC_a6c81.dir/CheckSymbolExists.c.o  -o cmTC_a6c81 
CMakeFiles/cmTC_a6c81.dir/CheckSymbolExists.c.o: In function `main':
CheckSymbolExists.c:(.text+0x1b): undefined reference to `pthread_create'
collect2: error: ld returned 1 exit status
make[1]: *** [cmTC_a6c81] Error 1
make[1]: Leaving directory `/media/brian/PRO/PROJ/StereoFPGA/appDesktop/build/CMakeFiles/CMakeTmp'
make: *** [cmTC_a6c81/fast] Error 2

File /media/brian/PRO/PROJ/StereoFPGA/appDesktop/build/CMakeFiles/CMakeTmp/CheckSymbolExists.c:
/* */
#include <pthread.h>

int main(int argc, char** argv)
{
  (void)argv;
#ifndef pthread_create
  return ((int*)(&pthread_create))[argc];
#else
  (void)argc;
  return 0;
#endif
}

Determining if the function pthread_create exists in the pthreads failed with the following output:
Change Dir: /media/brian/PRO/PROJ/StereoFPGA/appDesktop/build/CMakeFiles/CMakeTmp

Run Build Command:"/usr/bin/make" "cmTC_b32c4/fast"
/usr/bin/make -f CMakeFiles/cmTC_b32c4.dir/build.make CMakeFiles/cmTC_b32c4.dir/build
make[1]: Entering directory `/media/brian/PRO/PROJ/StereoFPGA/appDesktop/build/CMakeFiles/CMakeTmp'
Building C object CMakeFiles/cmTC_b32c4.dir/CheckFunctionExists.c.o
/usr/bin/cc   -fPIC -DCHECK_FUNCTION_EXISTS=pthread_create   -o CMakeFiles/cmTC_b32c4.dir/CheckFunctionExists.c.o   -c /usr/local/share/cmake-3.13/Modules/CheckFunctionExists.c
Linking C executable cmTC_b32c4
/usr/local/bin/cmake -E cmake_link_script CMakeFiles/cmTC_b32c4.dir/link.txt --verbose=1
/usr/bin/cc -fPIC -DCHECK_FUNCTION_EXISTS=pthread_create    -rdynamic CMakeFiles/cmTC_b32c4.dir/CheckFunctionExists.c.o  -o cmTC_b32c4 -lpthreads 
/usr/bin/ld: cannot find -lpthreads
collect2: error: ld returned 1 exit status
make[1]: *** [cmTC_b32c4] Error 1
make[1]: Leaving directory `/media/brian/PRO/PROJ/StereoFPGA/appDesktop/build/CMakeFiles/CMakeTmp'
make: *** [cmTC_b32c4/fast] Error 2


